<?xml version="1.0" encoding="UTF-8" ?>
<testsuite tests="1" failures="0" name="eu.iunxi.apps.assessment.model.AssessmentTest" time="0" errors="0" skipped="0">
  <properties>
    <property name="jboss.i18n.generate-proxies" value="true"/>
    <property name="java.runtime.name" value="Java(TM) SE Runtime Environment"/>
    <property name="sun.boot.library.path" value="C:\Program Files (x86)\Java\jdk1.8.0_20\jre\bin"/>
    <property name="java.vm.version" value="25.20-b23"/>
    <property name="java.vm.vendor" value="Oracle Corporation"/>
    <property name="java.vendor.url" value="http://java.oracle.com/"/>
    <property name="path.separator" value=";"/>
    <property name="java.vm.name" value="Java HotSpot(TM) Client VM"/>
    <property name="file.encoding.pkg" value="sun.io"/>
    <property name="user.script" value=""/>
    <property name="user.country" value="GB"/>
    <property name="sun.java.launcher" value="SUN_STANDARD"/>
    <property name="sun.os.patch.level" value=""/>
    <property name="java.vm.specification.name" value="Java Virtual Machine Specification"/>
    <property name="user.dir" value="C:\Users\Joey\Downloads\Assessment\Assessment"/>
    <property name="java.runtime.version" value="1.8.0_20-b26"/>
    <property name="java.awt.graphicsenv" value="sun.awt.Win32GraphicsEnvironment"/>
    <property name="basedir" value="C:\Users\Joey\Downloads\Assessment\Assessment"/>
    <property name="java.endorsed.dirs" value="C:\Program Files (x86)\Java\jdk1.8.0_20\jre\lib\endorsed"/>
    <property name="os.arch" value="x86"/>
    <property name="surefire.real.class.path" value="C:\Users\Joey\Downloads\Assessment\Assessment\target\surefire\surefirebooter7371055750605696941.jar"/>
    <property name="java.io.tmpdir" value="C:\Users\Joey\AppData\Local\Temp\"/>
    <property name="line.separator" value="
"/>
    <property name="java.vm.specification.vendor" value="Oracle Corporation"/>
    <property name="user.variant" value=""/>
    <property name="tapestry.execution-mode" value="Qa"/>
    <property name="os.name" value="Windows 8.1"/>
    <property name="maven.ext.class.path" value="C:\Program Files\NetBeans 8.1\java\maven-nblib\netbeans-eventspy.jar"/>
    <property name="sun.jnu.encoding" value="Cp1252"/>
    <property name="java.library.path" value="C:\Program Files (x86)\Java\jdk1.8.0_20\jre\bin;C:\Windows\Sun\Java\bin;C:\Windows\system32;C:\Windows;C:\Program Files\Java\jdk1.7.0_75\bin;C:\Program Files (x86)\Windows Kits\8.1\Windows Performance Toolkit\;C:\Program Files\Microsoft SQL Server\110\Tools\Binn\;C:\Program Files\Microsoft SQL Server\120\Tools\Binn\;."/>
    <property name="surefire.test.class.path" value="C:\Users\Joey\Downloads\Assessment\Assessment\target\test-classes;C:\Users\Joey\Downloads\Assessment\Assessment\target\classes;C:\Users\Joey\.m2\repository\org\apache\tapestry\tapestry-hibernate\5.4.0\tapestry-hibernate-5.4.0.jar;C:\Users\Joey\.m2\repository\org\jboss\logging\jboss-logging\3.1.0.GA\jboss-logging-3.1.0.GA.jar;C:\Users\Joey\.m2\repository\org\apache\tapestry\tapestry-core\5.4.0\tapestry-core-5.4.0.jar;C:\Users\Joey\.m2\repository\org\apache\tapestry\tapestry-ioc\5.4.0\tapestry-ioc-5.4.0.jar;C:\Users\Joey\.m2\repository\javax\inject\javax.inject\1\javax.inject-1.jar;C:\Users\Joey\.m2\repository\org\apache\tapestry\tapestry5-annotations\5.4.0\tapestry5-annotations-5.4.0.jar;C:\Users\Joey\.m2\repository\org\apache\tapestry\plastic\5.4.0\plastic-5.4.0.jar;C:\Users\Joey\.m2\repository\org\apache\tapestry\tapestry-func\5.4.0\tapestry-func-5.4.0.jar;C:\Users\Joey\.m2\repository\org\apache\tapestry\beanmodel\5.4.0\beanmodel-5.4.0.jar;C:\Users\Joey\.m2\repository\org\apache\tapestry\commons\5.4.0\commons-5.4.0.jar;C:\Users\Joey\.m2\repository\org\apache\tapestry\tapestry-json\5.4.0\tapestry-json-5.4.0.jar;C:\Users\Joey\.m2\repository\commons-codec\commons-codec\1.10\commons-codec-1.10.jar;C:\Users\Joey\.m2\repository\org\apache\tapestry\tapestry-hibernate-core\5.4.0\tapestry-hibernate-core-5.4.0.jar;C:\Users\Joey\.m2\repository\org\hibernate\hibernate-core\4.3.6.Final\hibernate-core-4.3.6.Final.jar;C:\Users\Joey\.m2\repository\org\jboss\logging\jboss-logging-annotations\1.2.0.Beta1\jboss-logging-annotations-1.2.0.Beta1.jar;C:\Users\Joey\.m2\repository\org\jboss\spec\javax\transaction\jboss-transaction-api_1.2_spec\1.0.0.Final\jboss-transaction-api_1.2_spec-1.0.0.Final.jar;C:\Users\Joey\.m2\repository\dom4j\dom4j\1.6.1\dom4j-1.6.1.jar;C:\Users\Joey\.m2\repository\xml-apis\xml-apis\1.0.b2\xml-apis-1.0.b2.jar;C:\Users\Joey\.m2\repository\org\hibernate\common\hibernate-commons-annotations\4.0.5.Final\hibernate-commons-annotations-4.0.5.Final.jar;C:\Users\Joey\.m2\repository\org\hibernate\javax\persistence\hibernate-jpa-2.1-api\1.0.0.Final\hibernate-jpa-2.1-api-1.0.0.Final.jar;C:\Users\Joey\.m2\repository\org\javassist\javassist\3.18.1-GA\javassist-3.18.1-GA.jar;C:\Users\Joey\.m2\repository\antlr\antlr\2.7.7\antlr-2.7.7.jar;C:\Users\Joey\.m2\repository\org\jboss\jandex\1.1.0.Final\jandex-1.1.0.Final.jar;C:\Users\Joey\.m2\repository\org\slf4j\slf4j-log4j12\1.7.12\slf4j-log4j12-1.7.12.jar;C:\Users\Joey\.m2\repository\org\slf4j\slf4j-api\1.7.12\slf4j-api-1.7.12.jar;C:\Users\Joey\.m2\repository\log4j\log4j\1.2.17\log4j-1.2.17.jar;C:\Users\Joey\.m2\repository\org\apache\tapestry\tapestry-webresources\5.4.0\tapestry-webresources-5.4.0.jar;C:\Users\Joey\.m2\repository\org\mozilla\rhino\1.7.7\rhino-1.7.7.jar;C:\Users\Joey\.m2\repository\com\github\sommeri\less4j\1.12.0\less4j-1.12.0.jar;C:\Users\Joey\.m2\repository\org\antlr\antlr-runtime\3.5.2\antlr-runtime-3.5.2.jar;C:\Users\Joey\.m2\repository\commons-beanutils\commons-beanutils\1.8.3\commons-beanutils-1.8.3.jar;C:\Users\Joey\.m2\repository\commons-logging\commons-logging\1.1.1\commons-logging-1.1.1.jar;C:\Users\Joey\.m2\repository\org\json\json\20090211\json-20090211.jar;C:\Users\Joey\.m2\repository\com\google\protobuf\protobuf-java\2.5.0\protobuf-java-2.5.0.jar;C:\Users\Joey\.m2\repository\com\google\javascript\closure-compiler\v20131014\closure-compiler-v20131014.jar;C:\Users\Joey\.m2\repository\args4j\args4j\2.0.16\args4j-2.0.16.jar;C:\Users\Joey\.m2\repository\com\google\guava\guava\15.0\guava-15.0.jar;C:\Users\Joey\.m2\repository\com\google\code\findbugs\jsr305\1.3.9\jsr305-1.3.9.jar;C:\Users\Joey\.m2\repository\org\apache\tapestry\tapestry-upload\5.4.0\tapestry-upload-5.4.0.jar;C:\Users\Joey\.m2\repository\commons-io\commons-io\2.4\commons-io-2.4.jar;C:\Users\Joey\.m2\repository\commons-fileupload\commons-fileupload\1.3.1\commons-fileupload-1.3.1.jar;C:\Users\Joey\.m2\repository\org\testng\testng\6.8.21\testng-6.8.21.jar;C:\Users\Joey\.m2\repository\org\beanshell\bsh\2.0b4\bsh-2.0b4.jar;C:\Users\Joey\.m2\repository\com\beust\jcommander\1.27\jcommander-1.27.jar;C:\Users\Joey\.m2\repository\org\apache\tapestry\tapestry-test\5.4.0\tapestry-test-5.4.0.jar;C:\Users\Joey\.m2\repository\org\seleniumhq\selenium\selenium-java\2.46.0\selenium-java-2.46.0.jar;C:\Users\Joey\.m2\repository\org\seleniumhq\selenium\selenium-chrome-driver\2.46.0\selenium-chrome-driver-2.46.0.jar;C:\Users\Joey\.m2\repository\org\seleniumhq\selenium\selenium-remote-driver\2.46.0\selenium-remote-driver-2.46.0.jar;C:\Users\Joey\.m2\repository\cglib\cglib-nodep\2.1_3\cglib-nodep-2.1_3.jar;C:\Users\Joey\.m2\repository\com\google\code\gson\gson\2.3.1\gson-2.3.1.jar;C:\Users\Joey\.m2\repository\org\seleniumhq\selenium\selenium-api\2.46.0\selenium-api-2.46.0.jar;C:\Users\Joey\.m2\repository\org\seleniumhq\selenium\selenium-htmlunit-driver\2.46.0\selenium-htmlunit-driver-2.46.0.jar;C:\Users\Joey\.m2\repository\net\sourceforge\htmlunit\htmlunit\2.17\htmlunit-2.17.jar;C:\Users\Joey\.m2\repository\xalan\xalan\2.7.2\xalan-2.7.2.jar;C:\Users\Joey\.m2\repository\xalan\serializer\2.7.2\serializer-2.7.2.jar;C:\Users\Joey\.m2\repository\commons-collections\commons-collections\3.2.1\commons-collections-3.2.1.jar;C:\Users\Joey\.m2\repository\org\apache\commons\commons-lang3\3.4\commons-lang3-3.4.jar;C:\Users\Joey\.m2\repository\org\apache\httpcomponents\httpmime\4.4.1\httpmime-4.4.1.jar;C:\Users\Joey\.m2\repository\net\sourceforge\htmlunit\htmlunit-core-js\2.17\htmlunit-core-js-2.17.jar;C:\Users\Joey\.m2\repository\xerces\xercesImpl\2.11.0\xercesImpl-2.11.0.jar;C:\Users\Joey\.m2\repository\net\sourceforge\nekohtml\nekohtml\1.9.22\nekohtml-1.9.22.jar;C:\Users\Joey\.m2\repository\net\sourceforge\cssparser\cssparser\0.9.16\cssparser-0.9.16.jar;C:\Users\Joey\.m2\repository\org\w3c\css\sac\1.3\sac-1.3.jar;C:\Users\Joey\.m2\repository\org\eclipse\jetty\websocket\websocket-client\9.2.11.v20150529\websocket-client-9.2.11.v20150529.jar;C:\Users\Joey\.m2\repository\org\eclipse\jetty\websocket\websocket-common\9.2.11.v20150529\websocket-common-9.2.11.v20150529.jar;C:\Users\Joey\.m2\repository\org\eclipse\jetty\websocket\websocket-api\9.2.11.v20150529\websocket-api-9.2.11.v20150529.jar;C:\Users\Joey\.m2\repository\org\apache\httpcomponents\httpclient\4.4.1\httpclient-4.4.1.jar;C:\Users\Joey\.m2\repository\org\apache\httpcomponents\httpcore\4.4.1\httpcore-4.4.1.jar;C:\Users\Joey\.m2\repository\org\seleniumhq\selenium\selenium-firefox-driver\2.46.0\selenium-firefox-driver-2.46.0.jar;C:\Users\Joey\.m2\repository\org\apache\commons\commons-exec\1.3\commons-exec-1.3.jar;C:\Users\Joey\.m2\repository\org\seleniumhq\selenium\selenium-ie-driver\2.46.0\selenium-ie-driver-2.46.0.jar;C:\Users\Joey\.m2\repository\net\java\dev\jna\jna\4.1.0\jna-4.1.0.jar;C:\Users\Joey\.m2\repository\net\java\dev\jna\jna-platform\4.1.0\jna-platform-4.1.0.jar;C:\Users\Joey\.m2\repository\org\seleniumhq\selenium\selenium-safari-driver\2.46.0\selenium-safari-driver-2.46.0.jar;C:\Users\Joey\.m2\repository\org\seleniumhq\selenium\selenium-support\2.46.0\selenium-support-2.46.0.jar;C:\Users\Joey\.m2\repository\org\webbitserver\webbit\0.4.14\webbit-0.4.14.jar;C:\Users\Joey\.m2\repository\io\netty\netty\3.5.2.Final\netty-3.5.2.Final.jar;C:\Users\Joey\.m2\repository\org\seleniumhq\selenium\selenium-leg-rc\2.46.0\selenium-leg-rc-2.46.0.jar;C:\Users\Joey\.m2\repository\org\apache\tapestry\tapestry-runner\5.4.0\tapestry-runner-5.4.0.jar;C:\Users\Joey\.m2\repository\org\eclipse\jetty\jetty-webapp\7.6.11.v20130520\jetty-webapp-7.6.11.v20130520.jar;C:\Users\Joey\.m2\repository\org\eclipse\jetty\jetty-xml\7.6.11.v20130520\jetty-xml-7.6.11.v20130520.jar;C:\Users\Joey\.m2\repository\org\eclipse\jetty\jetty-util\7.6.11.v20130520\jetty-util-7.6.11.v20130520.jar;C:\Users\Joey\.m2\repository\org\eclipse\jetty\jetty-servlet\7.6.11.v20130520\jetty-servlet-7.6.11.v20130520.jar;C:\Users\Joey\.m2\repository\org\eclipse\jetty\jetty-security\7.6.11.v20130520\jetty-security-7.6.11.v20130520.jar;C:\Users\Joey\.m2\repository\org\apache\tomcat\coyote\6.0.30\coyote-6.0.30.jar;C:\Users\Joey\.m2\repository\org\apache\tomcat\servlet-api\6.0.30\servlet-api-6.0.30.jar;C:\Users\Joey\.m2\repository\org\apache\tomcat\juli\6.0.30\juli-6.0.30.jar;C:\Users\Joey\.m2\repository\org\eclipse\jetty\jetty-plus\7.6.11.v20130520\jetty-plus-7.6.11.v20130520.jar;C:\Users\Joey\.m2\repository\org\eclipse\jetty\orbit\javax.transaction\1.1.1.v201105210645\javax.transaction-1.1.1.v201105210645.jar;C:\Users\Joey\.m2\repository\org\apache\tapestry\tapestry-test-constants\5.4.0\tapestry-test-constants-5.4.0.jar;C:\Users\Joey\.m2\repository\org\eclipse\jetty\jetty-jndi\7.6.11.v20130520\jetty-jndi-7.6.11.v20130520.jar;C:\Users\Joey\.m2\repository\org\eclipse\jetty\orbit\javax.mail.glassfish\1.4.1.v201005082020\javax.mail.glassfish-1.4.1.v201005082020.jar;C:\Users\Joey\.m2\repository\org\eclipse\jetty\orbit\javax.activation\1.1.0.v201105071233\javax.activation-1.1.0.v201105071233.jar;C:\Users\Joey\.m2\repository\org\eclipse\jetty\jetty-server\7.6.11.v20130520\jetty-server-7.6.11.v20130520.jar;C:\Users\Joey\.m2\repository\org\eclipse\jetty\orbit\javax.servlet\2.5.0.v201103041518\javax.servlet-2.5.0.v201103041518.jar;C:\Users\Joey\.m2\repository\org\eclipse\jetty\jetty-continuation\7.6.11.v20130520\jetty-continuation-7.6.11.v20130520.jar;C:\Users\Joey\.m2\repository\org\eclipse\jetty\jetty-http\7.6.11.v20130520\jetty-http-7.6.11.v20130520.jar;C:\Users\Joey\.m2\repository\org\eclipse\jetty\jetty-io\7.6.11.v20130520\jetty-io-7.6.11.v20130520.jar;C:\Users\Joey\.m2\repository\commons-cli\commons-cli\1.2\commons-cli-1.2.jar;C:\Users\Joey\.m2\repository\org\apache\tomcat\dbcp\6.0.30\dbcp-6.0.30.jar;C:\Users\Joey\.m2\repository\org\apache\tomcat\catalina\6.0.30\catalina-6.0.30.jar;C:\Users\Joey\.m2\repository\org\apache\tomcat\annotations-api\6.0.30\annotations-api-6.0.30.jar;C:\Users\Joey\.m2\repository\org\easymock\easymock\3.3.1\easymock-3.3.1.jar;C:\Users\Joey\.m2\repository\cglib\cglib\3.1\cglib-3.1.jar;C:\Users\Joey\.m2\repository\org\ow2\asm\asm\5.0.3\asm-5.0.3.jar;C:\Users\Joey\.m2\repository\org\objenesis\objenesis\2.1\objenesis-2.1.jar;C:\Users\Joey\.m2\repository\org\apache\tapestry\tapestry-test-data\5.4.0\tapestry-test-data-5.4.0.jar;C:\Users\Joey\.m2\repository\org\seleniumhq\selenium\selenium-server\2.46.0\selenium-server-2.46.0.jar;C:\Users\Joey\.m2\repository\org\bouncycastle\bcprov-jdk15on\1.48\bcprov-jdk15on-1.48.jar;C:\Users\Joey\.m2\repository\org\bouncycastle\bcpkix-jdk15on\1.48\bcpkix-jdk15on-1.48.jar;C:\Users\Joey\.m2\repository\mx4j\mx4j-tools\3.0.1\mx4j-tools-3.0.1.jar;C:\Users\Joey\.m2\repository\org\mortbay\jetty\servlet-api-2.5\6.1.9\servlet-api-2.5-6.1.9.jar;C:\Users\Joey\.m2\repository\org\seleniumhq\selenium\jetty-repacked\7.6.1\jetty-repacked-7.6.1.jar;C:\Users\Joey\.m2\repository\org\seleniumhq\selenium\jetty-rc-repacked\5\jetty-rc-repacked-5.jar;C:\Users\Joey\.m2\repository\net\jcip\jcip-annotations\1.0\jcip-annotations-1.0.jar;C:\Users\Joey\.m2\repository\org\yaml\snakeyaml\1.8\snakeyaml-1.8.jar;C:\Users\Joey\.m2\repository\javax\servlet\servlet-api\2.5\servlet-api-2.5.jar;C:\Users\Joey\.m2\repository\org\apache\tapestry\tapestry-javadoc\5.4.0\tapestry-javadoc-5.4.0.jar;C:\Users\Joey\.m2\repository\commons-lang\commons-lang\2.6\commons-lang-2.6.jar;C:\Users\Joey\.m2\repository\org\hibernate\javax\persistence\hibernate-jpa-2.0-api\1.0.1.Final\hibernate-jpa-2.0-api-1.0.1.Final.jar;C:\Users\Joey\.m2\repository\mysql\mysql-connector-java\5.1.23\mysql-connector-java-5.1.23.jar;C:\Users\Joey\.m2\repository\joda-time\joda-time\2.3\joda-time-2.3.jar;C:\Users\Joey\.m2\repository\org\jadira\usertype\usertype.jodatime\2.0.1\usertype.jodatime-2.0.1.jar;C:\Users\Joey\.m2\repository\org\jadira\usertype\usertype.spi\2.0.1\usertype.spi-2.0.1.jar;C:\Users\Joey\.m2\repository\org\hsqldb\hsqldb\2.3.1\hsqldb-2.3.1.jar;C:\Users\Joey\.m2\repository\junit\junit\4.8.1\junit-4.8.1.jar;C:\Users\Joey\.m2\repository\javax\validation\validation-api\1.1.1-SNAPSHOT\validation-api-1.1.1-SNAPSHOT.jar;"/>
    <property name="java.specification.name" value="Java Platform API Specification"/>
    <property name="java.class.version" value="52.0"/>
    <property name="sun.management.compiler" value="HotSpot Client Compiler"/>
    <property name="os.version" value="6.3"/>
    <property name="user.home" value="C:\Users\Joey"/>
    <property name="user.timezone" value="Europe/Berlin"/>
    <property name="java.awt.printerjob" value="sun.awt.windows.WPrinterJob"/>
    <property name="java.specification.version" value="1.8"/>
    <property name="file.encoding" value="Cp1252"/>
    <property name="user.name" value="Joey"/>
    <property name="java.class.path" value="C:\Users\Joey\Downloads\Assessment\Assessment\target\test-classes;C:\Users\Joey\Downloads\Assessment\Assessment\target\classes;C:\Users\Joey\.m2\repository\org\apache\tapestry\tapestry-hibernate\5.4.0\tapestry-hibernate-5.4.0.jar;C:\Users\Joey\.m2\repository\org\jboss\logging\jboss-logging\3.1.0.GA\jboss-logging-3.1.0.GA.jar;C:\Users\Joey\.m2\repository\org\apache\tapestry\tapestry-core\5.4.0\tapestry-core-5.4.0.jar;C:\Users\Joey\.m2\repository\org\apache\tapestry\tapestry-ioc\5.4.0\tapestry-ioc-5.4.0.jar;C:\Users\Joey\.m2\repository\javax\inject\javax.inject\1\javax.inject-1.jar;C:\Users\Joey\.m2\repository\org\apache\tapestry\tapestry5-annotations\5.4.0\tapestry5-annotations-5.4.0.jar;C:\Users\Joey\.m2\repository\org\apache\tapestry\plastic\5.4.0\plastic-5.4.0.jar;C:\Users\Joey\.m2\repository\org\apache\tapestry\tapestry-func\5.4.0\tapestry-func-5.4.0.jar;C:\Users\Joey\.m2\repository\org\apache\tapestry\beanmodel\5.4.0\beanmodel-5.4.0.jar;C:\Users\Joey\.m2\repository\org\apache\tapestry\commons\5.4.0\commons-5.4.0.jar;C:\Users\Joey\.m2\repository\org\apache\tapestry\tapestry-json\5.4.0\tapestry-json-5.4.0.jar;C:\Users\Joey\.m2\repository\commons-codec\commons-codec\1.10\commons-codec-1.10.jar;C:\Users\Joey\.m2\repository\org\apache\tapestry\tapestry-hibernate-core\5.4.0\tapestry-hibernate-core-5.4.0.jar;C:\Users\Joey\.m2\repository\org\hibernate\hibernate-core\4.3.6.Final\hibernate-core-4.3.6.Final.jar;C:\Users\Joey\.m2\repository\org\jboss\logging\jboss-logging-annotations\1.2.0.Beta1\jboss-logging-annotations-1.2.0.Beta1.jar;C:\Users\Joey\.m2\repository\org\jboss\spec\javax\transaction\jboss-transaction-api_1.2_spec\1.0.0.Final\jboss-transaction-api_1.2_spec-1.0.0.Final.jar;C:\Users\Joey\.m2\repository\dom4j\dom4j\1.6.1\dom4j-1.6.1.jar;C:\Users\Joey\.m2\repository\xml-apis\xml-apis\1.0.b2\xml-apis-1.0.b2.jar;C:\Users\Joey\.m2\repository\org\hibernate\common\hibernate-commons-annotations\4.0.5.Final\hibernate-commons-annotations-4.0.5.Final.jar;C:\Users\Joey\.m2\repository\org\hibernate\javax\persistence\hibernate-jpa-2.1-api\1.0.0.Final\hibernate-jpa-2.1-api-1.0.0.Final.jar;C:\Users\Joey\.m2\repository\org\javassist\javassist\3.18.1-GA\javassist-3.18.1-GA.jar;C:\Users\Joey\.m2\repository\antlr\antlr\2.7.7\antlr-2.7.7.jar;C:\Users\Joey\.m2\repository\org\jboss\jandex\1.1.0.Final\jandex-1.1.0.Final.jar;C:\Users\Joey\.m2\repository\org\slf4j\slf4j-log4j12\1.7.12\slf4j-log4j12-1.7.12.jar;C:\Users\Joey\.m2\repository\org\slf4j\slf4j-api\1.7.12\slf4j-api-1.7.12.jar;C:\Users\Joey\.m2\repository\log4j\log4j\1.2.17\log4j-1.2.17.jar;C:\Users\Joey\.m2\repository\org\apache\tapestry\tapestry-webresources\5.4.0\tapestry-webresources-5.4.0.jar;C:\Users\Joey\.m2\repository\org\mozilla\rhino\1.7.7\rhino-1.7.7.jar;C:\Users\Joey\.m2\repository\com\github\sommeri\less4j\1.12.0\less4j-1.12.0.jar;C:\Users\Joey\.m2\repository\org\antlr\antlr-runtime\3.5.2\antlr-runtime-3.5.2.jar;C:\Users\Joey\.m2\repository\commons-beanutils\commons-beanutils\1.8.3\commons-beanutils-1.8.3.jar;C:\Users\Joey\.m2\repository\commons-logging\commons-logging\1.1.1\commons-logging-1.1.1.jar;C:\Users\Joey\.m2\repository\org\json\json\20090211\json-20090211.jar;C:\Users\Joey\.m2\repository\com\google\protobuf\protobuf-java\2.5.0\protobuf-java-2.5.0.jar;C:\Users\Joey\.m2\repository\com\google\javascript\closure-compiler\v20131014\closure-compiler-v20131014.jar;C:\Users\Joey\.m2\repository\args4j\args4j\2.0.16\args4j-2.0.16.jar;C:\Users\Joey\.m2\repository\com\google\guava\guava\15.0\guava-15.0.jar;C:\Users\Joey\.m2\repository\com\google\code\findbugs\jsr305\1.3.9\jsr305-1.3.9.jar;C:\Users\Joey\.m2\repository\org\apache\tapestry\tapestry-upload\5.4.0\tapestry-upload-5.4.0.jar;C:\Users\Joey\.m2\repository\commons-io\commons-io\2.4\commons-io-2.4.jar;C:\Users\Joey\.m2\repository\commons-fileupload\commons-fileupload\1.3.1\commons-fileupload-1.3.1.jar;C:\Users\Joey\.m2\repository\org\testng\testng\6.8.21\testng-6.8.21.jar;C:\Users\Joey\.m2\repository\org\beanshell\bsh\2.0b4\bsh-2.0b4.jar;C:\Users\Joey\.m2\repository\com\beust\jcommander\1.27\jcommander-1.27.jar;C:\Users\Joey\.m2\repository\org\apache\tapestry\tapestry-test\5.4.0\tapestry-test-5.4.0.jar;C:\Users\Joey\.m2\repository\org\seleniumhq\selenium\selenium-java\2.46.0\selenium-java-2.46.0.jar;C:\Users\Joey\.m2\repository\org\seleniumhq\selenium\selenium-chrome-driver\2.46.0\selenium-chrome-driver-2.46.0.jar;C:\Users\Joey\.m2\repository\org\seleniumhq\selenium\selenium-remote-driver\2.46.0\selenium-remote-driver-2.46.0.jar;C:\Users\Joey\.m2\repository\cglib\cglib-nodep\2.1_3\cglib-nodep-2.1_3.jar;C:\Users\Joey\.m2\repository\com\google\code\gson\gson\2.3.1\gson-2.3.1.jar;C:\Users\Joey\.m2\repository\org\seleniumhq\selenium\selenium-api\2.46.0\selenium-api-2.46.0.jar;C:\Users\Joey\.m2\repository\org\seleniumhq\selenium\selenium-htmlunit-driver\2.46.0\selenium-htmlunit-driver-2.46.0.jar;C:\Users\Joey\.m2\repository\net\sourceforge\htmlunit\htmlunit\2.17\htmlunit-2.17.jar;C:\Users\Joey\.m2\repository\xalan\xalan\2.7.2\xalan-2.7.2.jar;C:\Users\Joey\.m2\repository\xalan\serializer\2.7.2\serializer-2.7.2.jar;C:\Users\Joey\.m2\repository\commons-collections\commons-collections\3.2.1\commons-collections-3.2.1.jar;C:\Users\Joey\.m2\repository\org\apache\commons\commons-lang3\3.4\commons-lang3-3.4.jar;C:\Users\Joey\.m2\repository\org\apache\httpcomponents\httpmime\4.4.1\httpmime-4.4.1.jar;C:\Users\Joey\.m2\repository\net\sourceforge\htmlunit\htmlunit-core-js\2.17\htmlunit-core-js-2.17.jar;C:\Users\Joey\.m2\repository\xerces\xercesImpl\2.11.0\xercesImpl-2.11.0.jar;C:\Users\Joey\.m2\repository\net\sourceforge\nekohtml\nekohtml\1.9.22\nekohtml-1.9.22.jar;C:\Users\Joey\.m2\repository\net\sourceforge\cssparser\cssparser\0.9.16\cssparser-0.9.16.jar;C:\Users\Joey\.m2\repository\org\w3c\css\sac\1.3\sac-1.3.jar;C:\Users\Joey\.m2\repository\org\eclipse\jetty\websocket\websocket-client\9.2.11.v20150529\websocket-client-9.2.11.v20150529.jar;C:\Users\Joey\.m2\repository\org\eclipse\jetty\websocket\websocket-common\9.2.11.v20150529\websocket-common-9.2.11.v20150529.jar;C:\Users\Joey\.m2\repository\org\eclipse\jetty\websocket\websocket-api\9.2.11.v20150529\websocket-api-9.2.11.v20150529.jar;C:\Users\Joey\.m2\repository\org\apache\httpcomponents\httpclient\4.4.1\httpclient-4.4.1.jar;C:\Users\Joey\.m2\repository\org\apache\httpcomponents\httpcore\4.4.1\httpcore-4.4.1.jar;C:\Users\Joey\.m2\repository\org\seleniumhq\selenium\selenium-firefox-driver\2.46.0\selenium-firefox-driver-2.46.0.jar;C:\Users\Joey\.m2\repository\org\apache\commons\commons-exec\1.3\commons-exec-1.3.jar;C:\Users\Joey\.m2\repository\org\seleniumhq\selenium\selenium-ie-driver\2.46.0\selenium-ie-driver-2.46.0.jar;C:\Users\Joey\.m2\repository\net\java\dev\jna\jna\4.1.0\jna-4.1.0.jar;C:\Users\Joey\.m2\repository\net\java\dev\jna\jna-platform\4.1.0\jna-platform-4.1.0.jar;C:\Users\Joey\.m2\repository\org\seleniumhq\selenium\selenium-safari-driver\2.46.0\selenium-safari-driver-2.46.0.jar;C:\Users\Joey\.m2\repository\org\seleniumhq\selenium\selenium-support\2.46.0\selenium-support-2.46.0.jar;C:\Users\Joey\.m2\repository\org\webbitserver\webbit\0.4.14\webbit-0.4.14.jar;C:\Users\Joey\.m2\repository\io\netty\netty\3.5.2.Final\netty-3.5.2.Final.jar;C:\Users\Joey\.m2\repository\org\seleniumhq\selenium\selenium-leg-rc\2.46.0\selenium-leg-rc-2.46.0.jar;C:\Users\Joey\.m2\repository\org\apache\tapestry\tapestry-runner\5.4.0\tapestry-runner-5.4.0.jar;C:\Users\Joey\.m2\repository\org\eclipse\jetty\jetty-webapp\7.6.11.v20130520\jetty-webapp-7.6.11.v20130520.jar;C:\Users\Joey\.m2\repository\org\eclipse\jetty\jetty-xml\7.6.11.v20130520\jetty-xml-7.6.11.v20130520.jar;C:\Users\Joey\.m2\repository\org\eclipse\jetty\jetty-util\7.6.11.v20130520\jetty-util-7.6.11.v20130520.jar;C:\Users\Joey\.m2\repository\org\eclipse\jetty\jetty-servlet\7.6.11.v20130520\jetty-servlet-7.6.11.v20130520.jar;C:\Users\Joey\.m2\repository\org\eclipse\jetty\jetty-security\7.6.11.v20130520\jetty-security-7.6.11.v20130520.jar;C:\Users\Joey\.m2\repository\org\apache\tomcat\coyote\6.0.30\coyote-6.0.30.jar;C:\Users\Joey\.m2\repository\org\apache\tomcat\servlet-api\6.0.30\servlet-api-6.0.30.jar;C:\Users\Joey\.m2\repository\org\apache\tomcat\juli\6.0.30\juli-6.0.30.jar;C:\Users\Joey\.m2\repository\org\eclipse\jetty\jetty-plus\7.6.11.v20130520\jetty-plus-7.6.11.v20130520.jar;C:\Users\Joey\.m2\repository\org\eclipse\jetty\orbit\javax.transaction\1.1.1.v201105210645\javax.transaction-1.1.1.v201105210645.jar;C:\Users\Joey\.m2\repository\org\apache\tapestry\tapestry-test-constants\5.4.0\tapestry-test-constants-5.4.0.jar;C:\Users\Joey\.m2\repository\org\eclipse\jetty\jetty-jndi\7.6.11.v20130520\jetty-jndi-7.6.11.v20130520.jar;C:\Users\Joey\.m2\repository\org\eclipse\jetty\orbit\javax.mail.glassfish\1.4.1.v201005082020\javax.mail.glassfish-1.4.1.v201005082020.jar;C:\Users\Joey\.m2\repository\org\eclipse\jetty\orbit\javax.activation\1.1.0.v201105071233\javax.activation-1.1.0.v201105071233.jar;C:\Users\Joey\.m2\repository\org\eclipse\jetty\jetty-server\7.6.11.v20130520\jetty-server-7.6.11.v20130520.jar;C:\Users\Joey\.m2\repository\org\eclipse\jetty\orbit\javax.servlet\2.5.0.v201103041518\javax.servlet-2.5.0.v201103041518.jar;C:\Users\Joey\.m2\repository\org\eclipse\jetty\jetty-continuation\7.6.11.v20130520\jetty-continuation-7.6.11.v20130520.jar;C:\Users\Joey\.m2\repository\org\eclipse\jetty\jetty-http\7.6.11.v20130520\jetty-http-7.6.11.v20130520.jar;C:\Users\Joey\.m2\repository\org\eclipse\jetty\jetty-io\7.6.11.v20130520\jetty-io-7.6.11.v20130520.jar;C:\Users\Joey\.m2\repository\commons-cli\commons-cli\1.2\commons-cli-1.2.jar;C:\Users\Joey\.m2\repository\org\apache\tomcat\dbcp\6.0.30\dbcp-6.0.30.jar;C:\Users\Joey\.m2\repository\org\apache\tomcat\catalina\6.0.30\catalina-6.0.30.jar;C:\Users\Joey\.m2\repository\org\apache\tomcat\annotations-api\6.0.30\annotations-api-6.0.30.jar;C:\Users\Joey\.m2\repository\org\easymock\easymock\3.3.1\easymock-3.3.1.jar;C:\Users\Joey\.m2\repository\cglib\cglib\3.1\cglib-3.1.jar;C:\Users\Joey\.m2\repository\org\ow2\asm\asm\5.0.3\asm-5.0.3.jar;C:\Users\Joey\.m2\repository\org\objenesis\objenesis\2.1\objenesis-2.1.jar;C:\Users\Joey\.m2\repository\org\apache\tapestry\tapestry-test-data\5.4.0\tapestry-test-data-5.4.0.jar;C:\Users\Joey\.m2\repository\org\seleniumhq\selenium\selenium-server\2.46.0\selenium-server-2.46.0.jar;C:\Users\Joey\.m2\repository\org\bouncycastle\bcprov-jdk15on\1.48\bcprov-jdk15on-1.48.jar;C:\Users\Joey\.m2\repository\org\bouncycastle\bcpkix-jdk15on\1.48\bcpkix-jdk15on-1.48.jar;C:\Users\Joey\.m2\repository\mx4j\mx4j-tools\3.0.1\mx4j-tools-3.0.1.jar;C:\Users\Joey\.m2\repository\org\mortbay\jetty\servlet-api-2.5\6.1.9\servlet-api-2.5-6.1.9.jar;C:\Users\Joey\.m2\repository\org\seleniumhq\selenium\jetty-repacked\7.6.1\jetty-repacked-7.6.1.jar;C:\Users\Joey\.m2\repository\org\seleniumhq\selenium\jetty-rc-repacked\5\jetty-rc-repacked-5.jar;C:\Users\Joey\.m2\repository\net\jcip\jcip-annotations\1.0\jcip-annotations-1.0.jar;C:\Users\Joey\.m2\repository\org\yaml\snakeyaml\1.8\snakeyaml-1.8.jar;C:\Users\Joey\.m2\repository\javax\servlet\servlet-api\2.5\servlet-api-2.5.jar;C:\Users\Joey\.m2\repository\org\apache\tapestry\tapestry-javadoc\5.4.0\tapestry-javadoc-5.4.0.jar;C:\Users\Joey\.m2\repository\commons-lang\commons-lang\2.6\commons-lang-2.6.jar;C:\Users\Joey\.m2\repository\org\hibernate\javax\persistence\hibernate-jpa-2.0-api\1.0.1.Final\hibernate-jpa-2.0-api-1.0.1.Final.jar;C:\Users\Joey\.m2\repository\mysql\mysql-connector-java\5.1.23\mysql-connector-java-5.1.23.jar;C:\Users\Joey\.m2\repository\joda-time\joda-time\2.3\joda-time-2.3.jar;C:\Users\Joey\.m2\repository\org\jadira\usertype\usertype.jodatime\2.0.1\usertype.jodatime-2.0.1.jar;C:\Users\Joey\.m2\repository\org\jadira\usertype\usertype.spi\2.0.1\usertype.spi-2.0.1.jar;C:\Users\Joey\.m2\repository\org\hsqldb\hsqldb\2.3.1\hsqldb-2.3.1.jar;C:\Users\Joey\.m2\repository\junit\junit\4.8.1\junit-4.8.1.jar;C:\Users\Joey\.m2\repository\javax\validation\validation-api\1.1.1-SNAPSHOT\validation-api-1.1.1-SNAPSHOT.jar;"/>
    <property name="java.vm.specification.version" value="1.8"/>
    <property name="sun.arch.data.model" value="32"/>
    <property name="java.home" value="C:\Program Files (x86)\Java\jdk1.8.0_20\jre"/>
    <property name="sun.java.command" value="C:\Users\Joey\Downloads\Assessment\Assessment\target\surefire\surefirebooter7371055750605696941.jar C:\Users\Joey\Downloads\Assessment\Assessment\target\surefire\surefire1702073653731510895tmp C:\Users\Joey\Downloads\Assessment\Assessment\target\surefire\surefire893181706276103734tmp"/>
    <property name="java.specification.vendor" value="Oracle Corporation"/>
    <property name="user.language" value="en"/>
    <property name="awt.toolkit" value="sun.awt.windows.WToolkit"/>
    <property name="java.vm.info" value="mixed mode"/>
    <property name="java.version" value="1.8.0_20"/>
    <property name="java.ext.dirs" value="C:\Program Files (x86)\Java\jdk1.8.0_20\jre\lib\ext;C:\Windows\Sun\Java\lib\ext"/>
    <property name="sun.boot.class.path" value="C:\Program Files (x86)\Java\jdk1.8.0_20\jre\lib\resources.jar;C:\Program Files (x86)\Java\jdk1.8.0_20\jre\lib\rt.jar;C:\Program Files (x86)\Java\jdk1.8.0_20\jre\lib\sunrsasign.jar;C:\Program Files (x86)\Java\jdk1.8.0_20\jre\lib\jsse.jar;C:\Program Files (x86)\Java\jdk1.8.0_20\jre\lib\jce.jar;C:\Program Files (x86)\Java\jdk1.8.0_20\jre\lib\charsets.jar;C:\Program Files (x86)\Java\jdk1.8.0_20\jre\lib\jfr.jar;C:\Program Files (x86)\Java\jdk1.8.0_20\jre\classes"/>
    <property name="java.vendor" value="Oracle Corporation"/>
    <property name="localRepository" value="C:\Users\Joey\.m2\repository"/>
    <property name="file.separator" value="\"/>
    <property name="java.vendor.url.bug" value="http://bugreport.sun.com/bugreport/"/>
    <property name="sun.cpu.endian" value="little"/>
    <property name="sun.io.unicode.encoding" value="UnicodeLittle"/>
    <property name="sun.desktop" value="windows"/>
    <property name="sun.cpu.isalist" value="pentium_pro+mmx pentium_pro pentium+mmx pentium i486 i386 i86"/>
  </properties>
  <testcase classname="eu.iunxi.apps.assessment.model.AssessmentTest" name="testAssessment" time="0"/>
</testsuite>